<?xml version="1.0" encoding="UTF-8"?>
<testng-results total="1" passed="1" failed="0" skipped="0">
  <reporter-output>
  </reporter-output>
  <suite started-at="2026-03-30T06:30:24Z" name="Default suite" finished-at="2026-03-30T06:30:59Z" duration-ms="34632">
    <groups>
    </groups>
    <test started-at="2026-03-30T06:30:24Z" name="Default test" finished-at="2026-03-30T06:30:59Z" duration-ms="34632">
      <class name="com.automation.SeleniumJavaFramework.DropDownAutomate">
        <test-method is-config="true" signature="beforeMethod()[pri:0, instance:com.automation.SeleniumJavaFramework.DropDownAutomate@73194df]" started-at="2026-03-30T12:00:24Z" name="beforeMethod" finished-at="2026-03-30T12:00:25Z" duration-ms="1326" status="PASS">
          <reporter-output>
          </reporter-output>
        </test-method> <!-- beforeMethod -->
        <test-method signature="handleDropDown()[pri:0, instance:com.automation.SeleniumJavaFramework.DropDownAutomate@73194df]" started-at="2026-03-30T12:00:25Z" name="handleDropDown" finished-at="2026-03-30T12:00:58Z" duration-ms="32860" status="PASS">
          <reporter-output>
          </reporter-output>
        </test-method> <!-- handleDropDown -->
        <test-method is-config="true" signature="afterMethod()[pri:0, instance:com.automation.SeleniumJavaFramework.DropDownAutomate@73194df]" started-at="2026-03-30T12:00:58Z" name="afterMethod" finished-at="2026-03-30T12:00:59Z" duration-ms="431" status="PASS">
          <reporter-output>
          </reporter-output>
        </test-method> <!-- afterMethod -->
      </class> <!-- com.automation.SeleniumJavaFramework.DropDownAutomate -->
    </test> <!-- Default test -->
  </suite> <!-- Default suite -->
</testng-results>
