<?xml version="1.0" encoding="UTF-8"?>
<testng-results ignored="1" total="2" passed="1" failed="0" skipped="0">
  <reporter-output>
  </reporter-output>
  <suite started-at="2026-04-01T07:56:25Z" name="Default suite" finished-at="2026-04-01T07:56:49Z" duration-ms="24083">
    <groups>
    </groups>
    <test started-at="2026-04-01T07:56:25Z" name="Default test" finished-at="2026-04-01T07:56:49Z" duration-ms="24083">
      <class name="com.automation.SeleniumJavaFramework.OpenURL">
        <test-method is-config="true" signature="beforeSuite()[pri:0, instance:com.automation.SeleniumJavaFramework.OpenURL@4b14918a]" started-at="2026-04-01T07:56:24Z" name="beforeSuite" finished-at="2026-04-01T07:56:25Z" duration-ms="820" status="PASS">
          <reporter-output>
          </reporter-output>
        </test-method> <!-- beforeSuite -->
        <test-method is-config="true" signature="beforeMethod(java.lang.reflect.Method)[pri:0, instance:com.automation.SeleniumJavaFramework.OpenURL@4b14918a]" started-at="2026-04-01T07:56:25Z" name="beforeMethod" finished-at="2026-04-01T07:56:26Z" duration-ms="998" status="PASS">
          <params>
            <param index="0">
              <value>
                <![CDATA[public void com.automation.SeleniumJavaFramework.OpenURL.testDropDownElement()]]>
              </value>
            </param>
          </params>
          <reporter-output>
          </reporter-output>
        </test-method> <!-- beforeMethod -->
        <test-method signature="testDropDownElement()[pri:0, instance:com.automation.SeleniumJavaFramework.OpenURL@4b14918a]" started-at="2026-04-01T07:56:26Z" name="testDropDownElement" finished-at="2026-04-01T07:56:48Z" duration-ms="22326" status="PASS">
          <reporter-output>
          </reporter-output>
        </test-method> <!-- testDropDownElement -->
        <test-method is-config="true" signature="afterMethod(org.testng.ITestResult)[pri:0, instance:com.automation.SeleniumJavaFramework.OpenURL@4b14918a]" started-at="2026-04-01T07:56:48Z" name="afterMethod" finished-at="2026-04-01T07:56:49Z" duration-ms="728" status="PASS">
          <params>
            <param index="0">
              <value>
                <![CDATA[[TestResult name=testDropDownElement status=SUCCESS method=OpenURL.testDropDownElement()[pri:0, instance:com.automation.SeleniumJavaFramework.OpenURL@4b14918a] output={null}]]]>
              </value>
            </param>
          </params>
          <reporter-output>
          </reporter-output>
        </test-method> <!-- afterMethod -->
        <test-method is-config="true" signature="afterSuite()[pri:0, instance:com.automation.SeleniumJavaFramework.OpenURL@4b14918a]" started-at="2026-04-01T07:56:49Z" name="afterSuite" finished-at="2026-04-01T07:56:49Z" duration-ms="1" status="PASS">
          <reporter-output>
          </reporter-output>
        </test-method> <!-- afterSuite -->
      </class> <!-- com.automation.SeleniumJavaFramework.OpenURL -->
    </test> <!-- Default test -->
  </suite> <!-- Default suite -->
</testng-results>
