<?xml version="1.0" encoding="UTF-8"?>
<!-- Generated by org.testng.reporters.JUnitXMLReporter -->
<testsuite ignored="0" hostname="Tejal" failures="0" tests="3" name="Default test" time="33.243" errors="0" timestamp="01 Apr 2026 08:49:01 GMT">
  <testcase classname="com.automation.SeleniumJavaFramework.OpenURL" name="testBrowserOpenURL" time="4.665"/>
  <testcase classname="com.automation.SeleniumJavaFramework.OpenURL" name="testBrowserOpenURL" time="16.875"/>
  <testcase classname="com.automation.SeleniumJavaFramework.OpenURL" name="testBrowserOpenURL" time="6.892"/>
</testsuite> <!-- Default test -->
