<?xml version="1.0" encoding="UTF-8"?>
<!-- Generated by org.testng.reporters.JUnitXMLReporter -->
<testsuite ignored="1" hostname="Tejal" failures="0" tests="1" name="Default test" time="24.083" errors="0" timestamp="01 Apr 2026 07:56:49 GMT">
  <testcase classname="com.automation.SeleniumJavaFramework.OpenURL" name="testDropDownElement" time="22.326"/>
  <testcase classname="com.automation.SeleniumJavaFramework.OpenURL" name="testBrowserOpenURL" time="0.0">
    <ignored/>
  </testcase> <!-- testBrowserOpenURL -->
</testsuite> <!-- Default test -->
