<?xml version="1.0" encoding="UTF-8"?>
<!-- Generated by org.testng.reporters.JUnitReportReporter -->
<testsuite hostname="Tejal" failures="0" tests="2" name="com.automation.SeleniumJavaFramework.DropDown" time="84.419" errors="0" timestamp="01 Apr 2026 07:45:46 GMT" skipped="0">
  <testcase classname="com.automation.SeleniumJavaFramework.DropDown" name="practiceOpenURL" time="5.699"/>
  <testcase classname="com.automation.SeleniumJavaFramework.DropDown" name="practiceDropDown" time="78.720"/>
</testsuite> <!-- com.automation.SeleniumJavaFramework.DropDown -->
